Arguments: 
  /Users/xuzhigang/.nvm/versions/node/v10.16.0/bin/node /usr/local/bin/yarn

PATH: 
  /Users/xuzhigang/.nvm/versions/node/v10.16.0/bin:/usr/local/bin:/usr/local/bin:/usr/bin:/bin:/usr/sbin:/sbin:/usr/local/go/bin:/usr/local/mysql/bin:/usr/local/go/bin

Yarn version: 
  1.3.2

Node version: 
  10.16.0

Platform: 
  darwin x64

npm manifest: 
  {
    "name": "cli",
    "version": "1.0.0",
    "description": "pg-cli 构建项目工具",
    "main": "lib/Service.js",
    "bin": {
      "pg": "bin/pg-cli.js"
    },
    "scripts": {
      "test": "echo \"Error: no test specified\" && exit 1"
    },
    "repository": {
      "type": "git",
      "url": "git+https://github.com/vin1992/pg-cli.git"
    },
    "keywords": [
      "pg-cli",
      "playground",
      "cli",
      "cli-service",
      "vue",
      "react",
      "node",
      "jquery",
      "bootstrap"
    ],
    "author": "vin_coder",
    "license": "MIT",
    "bugs": {
      "url": "https://github.com/vin1992/pg-cli/issues"
    },
    "homepage": "https://github.com/vin1992/pg-cli#readme",
    "dependencies": {
      "chalk": "^3.0.0",
      "commander": "^5.0.0",
      "deepmerge": "^4.2.2",
      "ejs": "^3.0.2",
      "execa": "^4.0.0",
      "fs-extra": "^9.0.0",
      "globby": "^11.0.0",
      "inquirer": "^7.1.0",
      "isbinaryfile": "^4.0.6",
      "lodash.clonedeep": "^4.5.0",
      "resolve": "^1.15.1",
      "semver": "^7.1.3",
      "slash": "^3.0.0",
      "translate-google": "^1.3.5",
      "validate-npm-package-name": "^3.0.0",
      "yaml-front-matter": "^4.1.0"
    },
    "engines": {
      "node": ">=8.9"
    }
  }

yarn manifest: 
  No manifest

Lockfile: 
  No lockfile

Trace: 
  Error: https://registry.npmjs.org/chalk: ETIMEDOUT
      at Timeout._onTimeout (/usr/local/lib/node_modules/yarn/lib/cli.js:123749:19)
      at ontimeout (timers.js:436:11)
      at tryOnTimeout (timers.js:300:5)
      at listOnTimeout (timers.js:263:5)
      at Timer.processTimers (timers.js:223:10)
